#
# There is insufficient memory for the Java Runtime Environment to continue.
# Native memory allocation (malloc) failed to allocate 1048576 bytes for AllocateHeap
# Possible reasons:
#   The system is out of physical RAM or swap space
#   In 32 bit mode, the process size limit was hit
# Possible solutions:
#   Reduce memory load on the system
#   Increase physical memory or swap space
#   Check if swap backing store is full
#   Use 64 bit Java on a 64 bit OS
#   Decrease Java heap size (-Xmx/-Xms)
#   Decrease number of Java threads
#   Decrease Java thread stack sizes (-Xss)
#   Set larger code cache with -XX:ReservedCodeCacheSize=
# This output file may be truncated or incomplete.
#
#  Out of Memory Error (memory/allocation.inline.hpp:61), pid=3108, tid=2396
#
# JRE version:  (8.0_60-b27) (build )
# Java VM: Java HotSpot(TM) 64-Bit Server VM (25.60-b23 mixed mode windows-amd64 compressed oops)
# Failed to write core dump. Minidumps are not enabled by default on client versions of Windows
#

---------------  T H R E A D  ---------------

Current thread (0x0000000002ca0800):  JavaThread "Unknown thread" [_thread_in_vm, id=2396, stack(0x0000000002ba0000,0x0000000002ca0000)]

Stack: [0x0000000002ba0000,0x0000000002ca0000]
[error occurred during error reporting (printing stack bounds), id 0xc0000005]

Native frames: (J=compiled Java code, j=interpreted, Vv=VM code, C=native code)


---------------  P R O C E S S  ---------------

Java Threads: ( => current thread )

Other Threads:

=>0x0000000002ca0800 (exited) JavaThread "Unknown thread" [_thread_in_vm, id=2396, stack(0x0000000002ba0000,0x0000000002ca0000)]

VM state:not at safepoint (normal execution)

VM Mutex/Monitor currently owned by a thread: None

Heap:
 PSYoungGen      total 18432K, used 317K [0x00000000eb600000, 0x00000000eca80000, 0x0000000100000000)
  eden space 15872K, 2% used [0x00000000eb600000,0x00000000eb64f5d0,0x00000000ec580000)
  from space 2560K, 0% used [0x00000000ec800000,0x00000000ec800000,0x00000000eca80000)
  to   space 2560K, 0% used [0x00000000ec580000,0x00000000ec580000,0x00000000ec800000)
 ParOldGen       total 42496K, used 0K [0x00000000c2200000, 0x00000000c4b80000, 0x00000000eb600000)
  object space 42496K, 0% used [0x00000000c2200000,0x00000000c2200000,0x00000000c4b80000)
 Metaspace       used 750K, capacity 1092K, committed 1152K, reserved 1060864K
  class space    used 75K, capacity 384K, committed 384K, reserved 1048576K

Card table byte_map: [0x0000000012160000,0x0000000012350000] byte_map_base: 0x0000000011b4f000

Marking Bits: (ParMarkBitMap*) 0x000000006e71a5b0
 Begin Bits: [0x00000000128a0000, 0x0000000013818000)
 End Bits:   [0x0000000013818000, 0x0000000014790000)

Polling page: 0x0000000001210000

CodeCache: size=245760Kb used=327Kb max_used=327Kb free=245432Kb
 bounds [0x0000000002da0000, 0x0000000003010000, 0x0000000011da0000]
 total_blobs=56 nmethods=0 adapters=37
 compilation: enabled

Compilation events (0 events):
No events

GC Heap History (0 events):
No events

Deoptimization events (0 events):
No events

Internal exceptions (0 events):
No events

Events (10 events):
Event: 0.034 loading class java/lang/Short
Event: 0.034 loading class java/lang/Short done
Event: 0.034 loading class java/lang/Integer
Event: 0.034 loading class java/lang/Integer done
Event: 0.034 loading class java/lang/Long
Event: 0.034 loading class java/lang/Long done
Event: 0.036 loading class java/lang/NullPointerException
Event: 0.036 loading class java/lang/NullPointerException done
Event: 0.036 loading class java/lang/ArithmeticException
Event: 0.036 loading class java/lang/ArithmeticException done


Dynamic libraries:
0x00007ff76b4c0000 - 0x00007ff76b4f7000 	C:\Program Files\Java\jre1.8.0_60\bin\javaw.exe
0x00007ffbdf700000 - 0x00007ffbdf8c1000 	C:\Windows\SYSTEM32\ntdll.dll
0x00007ffbddb50000 - 0x00007ffbddbfd000 	C:\Windows\system32\KERNEL32.DLL
0x00007ffbdcad0000 - 0x00007ffbdccad000 	C:\Windows\system32\KERNELBASE.dll
0x00007ffbdd3a0000 - 0x00007ffbdd446000 	C:\Windows\system32\ADVAPI32.dll
0x00007ffbdcf10000 - 0x00007ffbdcfad000 	C:\Windows\system32\msvcrt.dll
0x00007ffbdd680000 - 0x00007ffbdd6db000 	C:\Windows\system32\sechost.dll
0x00007ffbdf590000 - 0x00007ffbdf6b6000 	C:\Windows\system32\RPCRT4.dll
0x00007ffbdcfb0000 - 0x00007ffbdd0fe000 	C:\Windows\system32\USER32.dll
0x00007ffbdd7b0000 - 0x00007ffbdd936000 	C:\Windows\system32\GDI32.dll
0x00007ffbcfa50000 - 0x00007ffbcfcc4000 	C:\Windows\WinSxS\amd64_microsoft.windows.common-controls_6595b64144ccf1df_6.0.10240.16384_none_f41f7b285750ef43\COMCTL32.dll
0x00007ffbdf6c0000 - 0x00007ffbdf6f6000 	C:\Windows\system32\IMM32.DLL
0x00007ffbdd520000 - 0x00007ffbdd67c000 	C:\Windows\system32\MSCTF.dll
0x000000006dc80000 - 0x000000006dd52000 	C:\Program Files\Java\jre1.8.0_60\bin\msvcr100.dll
0x000000006df10000 - 0x000000006e799000 	C:\Program Files\Java\jre1.8.0_60\bin\server\jvm.dll
0x00007ffbdf300000 - 0x00007ffbdf308000 	C:\Windows\system32\PSAPI.DLL
0x00007ffbd6ff0000 - 0x00007ffbd6ff9000 	C:\Windows\SYSTEM32\WSOCK32.dll
0x00007ffbdd320000 - 0x00007ffbdd389000 	C:\Windows\system32\WS2_32.dll
0x00007ffbdd250000 - 0x00007ffbdd258000 	C:\Windows\system32\NSI.dll
0x00007ffbda280000 - 0x00007ffbda2a3000 	C:\Windows\SYSTEM32\WINMM.dll
0x00007ffbd9840000 - 0x00007ffbd984a000 	C:\Windows\SYSTEM32\VERSION.dll
0x00007ffbda250000 - 0x00007ffbda27c000 	C:\Windows\SYSTEM32\WINMMBASE.dll
0x00007ffbdc1d0000 - 0x00007ffbdc214000 	C:\Windows\system32\cfgmgr32.dll
0x00007ffbdaaa0000 - 0x00007ffbdaac7000 	C:\Windows\SYSTEM32\DEVOBJ.dll
0x000000006de20000 - 0x000000006de2f000 	C:\Program Files\Java\jre1.8.0_60\bin\verify.dll
0x000000006ddf0000 - 0x000000006de19000 	C:\Program Files\Java\jre1.8.0_60\bin\java.dll
0x000000006ddd0000 - 0x000000006dde6000 	C:\Program Files\Java\jre1.8.0_60\bin\zip.dll

VM Arguments:
jvm_args: -Dfile.encoding=Cp1252 
java_command: Main.Main_JuegoMarte
java_class_path (initial): D:\Google drive\Workspace\JuegoMarte\bin
Launcher Type: SUN_STANDARD

Environment Variables:
PATH=C:/Program Files/Java/jre1.8.0_60/bin/server;C:/Program Files/Java/jre1.8.0_60/bin;C:/Program Files/Java/jre1.8.0_60/lib/amd64;C:\ProgramData\Oracle\Java\javapath;C:\Windows\system32;C:\Windows;C:\Windows\System32\Wbem;C:\Windows\System32\WindowsPowerShell\v1.0\;C:\Program Files (x86)\AMD\ATI.ACE\Core-Static;C:\Program Files (x86)\ATI Technologies\ATI.ACE\Core-Static;C:\Users\Dru\AppData\Local\atom\bin;D:\Google drive\[2] - Software\[3] - Programas útiles\eclipse;
USERNAME=Dru
OS=Windows_NT
PROCESSOR_IDENTIFIER=Intel64 Family 6 Model 37 Stepping 5, GenuineIntel



---------------  S Y S T E M  ---------------

OS: Windows 10.0 , 64 bit Build 10240 (10.0.10240.16384)

CPU:total 4 (2 cores per cpu, 2 threads per core) family 6 model 37 stepping 5, cmov, cx8, fxsr, mmx, sse, sse2, sse3, ssse3, sse4.1, sse4.2, popcnt, ht, tsc, tscinvbit

Memory: 4k page, physical 4053712k(294612k free), swap 5102288k(5268k free)

vm_info: Java HotSpot(TM) 64-Bit Server VM (25.60-b23) for windows-amd64 JRE (1.8.0_60-b27), built on Aug  4 2015 11:06:27 by "java_re" with MS VC++ 10.0 (VS2010)

time: Thu Oct 15 15:27:44 2015
elapsed time: 0 seconds (0d 0h 0m 0s)

